{"/data/data/com.termux/files/home/FullstackApp/Banking_Managment_system/backend/src/app.js": {"path":"/data/data/com.termux/files/home/FullstackApp/Banking_Managment_system/backend/src/app.js","statementMap":{"0":{"start":{"line":1,"column":16},"end":{"line":1,"column":34}},"1":{"start":{"line":2,"column":15},"end":{"line":2,"column":32}},"2":{"start":{"line":3,"column":21},"end":{"line":3,"column":45}},"3":{"start":{"line":5,"column":19},"end":{"line":5,"column":53}},"4":{"start":{"line":6,"column":24},"end":{"line":6,"column":68}},"5":{"start":{"line":12,"column":12},"end":{"line":12,"column":21}},"6":{"start":{"line":15,"column":0},"end":{"line":15,"column":24}},"7":{"start":{"line":16,"column":0},"end":{"line":16,"column":23}},"8":{"start":{"line":17,"column":0},"end":{"line":17,"column":24}},"9":{"start":{"line":20,"column":0},"end":{"line":20,"column":32}},"10":{"start":{"line":22,"column":0},"end":{"line":22,"column":25}},"11":{"start":{"line":24,"column":0},"end":{"line":24,"column":21}}},"fnMap":{},"branchMap":{},"s":{"0":2,"1":2,"2":2,"3":2,"4":2,"5":2,"6":2,"7":2,"8":2,"9":2,"10":2,"11":2},"f":{},"b":{},"_coverageSchema":"1a1c01bbd47fc00a2c39e90264f33305004495a9","hash":"173379b0541e4f95f0bcb90a4b74a3cbac8debac"}
,"/data/data/com.termux/files/home/FullstackApp/Banking_Managment_system/backend/src/controllers/auth.controller.js": {"path":"/data/data/com.termux/files/home/FullstackApp/Banking_Managment_system/backend/src/controllers/auth.controller.js","statementMap":{"0":{"start":{"line":1,"column":16},"end":{"line":1,"column":34}},"1":{"start":{"line":2,"column":15},"end":{"line":2,"column":34}},"2":{"start":{"line":3,"column":15},"end":{"line":3,"column":39}},"3":{"start":{"line":4,"column":12},"end":{"line":4,"column":35}},"4":{"start":{"line":6,"column":13},"end":{"line":6,"column":46}},"5":{"start":{"line":7,"column":17},"end":{"line":7,"column":51}},"6":{"start":{"line":10,"column":4},"end":{"line":57,"column":5}},"7":{"start":{"line":11,"column":46},"end":{"line":11,"column":54}},"8":{"start":{"line":13,"column":8},"end":{"line":15,"column":9}},"9":{"start":{"line":14,"column":12},"end":{"line":14,"column":70}},"10":{"start":{"line":17,"column":32},"end":{"line":17,"column":61}},"11":{"start":{"line":19,"column":8},"end":{"line":21,"column":9}},"12":{"start":{"line":20,"column":12},"end":{"line":20,"column":66}},"13":{"start":{"line":23,"column":31},"end":{"line":23,"column":62}},"14":{"start":{"line":25,"column":24},"end":{"line":29,"column":10}},"15":{"start":{"line":30,"column":8},"end":{"line":32,"column":9}},"16":{"start":{"line":31,"column":12},"end":{"line":31,"column":68}},"17":{"start":{"line":34,"column":8},"end":{"line":34,"column":37}},"18":{"start":{"line":36,"column":22},"end":{"line":43,"column":9}},"19":{"start":{"line":45,"column":8},"end":{"line":45,"column":35}},"20":{"start":{"line":47,"column":8},"end":{"line":54,"column":11}},"21":{"start":{"line":56,"column":8},"end":{"line":56,"column":64}},"22":{"start":{"line":60,"column":4},"end":{"line":107,"column":5}},"23":{"start":{"line":61,"column":36},"end":{"line":61,"column":44}},"24":{"start":{"line":63,"column":8},"end":{"line":65,"column":9}},"25":{"start":{"line":64,"column":12},"end":{"line":64,"column":70}},"26":{"start":{"line":67,"column":29},"end":{"line":67,"column":78}},"27":{"start":{"line":69,"column":8},"end":{"line":71,"column":9}},"28":{"start":{"line":70,"column":12},"end":{"line":70,"column":62}},"29":{"start":{"line":73,"column":30},"end":{"line":76,"column":9}},"30":{"start":{"line":78,"column":8},"end":{"line":80,"column":9}},"31":{"start":{"line":79,"column":12},"end":{"line":79,"column":61}},"32":{"start":{"line":82,"column":8},"end":{"line":82,"column":42}},"33":{"start":{"line":83,"column":22},"end":{"line":93,"column":9}},"34":{"start":{"line":95,"column":8},"end":{"line":95,"column":35}},"35":{"start":{"line":97,"column":8},"end":{"line":104,"column":11}},"36":{"start":{"line":106,"column":8},"end":{"line":106,"column":64}},"37":{"start":{"line":110,"column":4},"end":{"line":131,"column":5}},"38":{"start":{"line":111,"column":27},"end":{"line":111,"column":35}},"39":{"start":{"line":113,"column":25},"end":{"line":115,"column":9}},"40":{"start":{"line":117,"column":8},"end":{"line":119,"column":9}},"41":{"start":{"line":118,"column":12},"end":{"line":118,"column":69}},"42":{"start":{"line":121,"column":8},"end":{"line":128,"column":11}},"43":{"start":{"line":130,"column":8},"end":{"line":130,"column":64}},"44":{"start":{"line":135,"column":2},"end":{"line":142,"column":3}},"45":{"start":{"line":136,"column":4},"end":{"line":136,"column":34}},"46":{"start":{"line":137,"column":4},"end":{"line":137,"column":6}},"47":{"start":{"line":140,"column":4},"end":{"line":140,"column":60}},"48":{"start":{"line":146,"column":0},"end":{"line":150,"column":2}}},"fnMap":{"0":{"name":"register_controller","decl":{"start":{"line":9,"column":15},"end":{"line":9,"column":34}},"loc":{"start":{"line":9,"column":51},"end":{"line":58,"column":1}},"line":9},"1":{"name":"login_controller","decl":{"start":{"line":59,"column":15},"end":{"line":59,"column":31}},"loc":{"start":{"line":59,"column":48},"end":{"line":108,"column":1}},"line":59},"2":{"name":"userProfile_controller","decl":{"start":{"line":109,"column":15},"end":{"line":109,"column":37}},"loc":{"start":{"line":109,"column":54},"end":{"line":132,"column":1}},"line":109},"3":{"name":"logout_controller","decl":{"start":{"line":133,"column":15},"end":{"line":133,"column":32}},"loc":{"start":{"line":133,"column":47},"end":{"line":144,"column":1}},"line":133}},"branchMap":{"0":{"loc":{"start":{"line":13,"column":8},"end":{"line":15,"column":9}},"type":"if","locations":[{"start":{"line":13,"column":8},"end":{"line":15,"column":9}},{"start":{},"end":{}}],"line":13},"1":{"loc":{"start":{"line":13,"column":12},"end":{"line":13,"column":44}},"type":"binary-expr","locations":[{"start":{"line":13,"column":12},"end":{"line":13,"column":18}},{"start":{"line":13,"column":22},"end":{"line":13,"column":31}},{"start":{"line":13,"column":35},"end":{"line":13,"column":44}}],"line":13},"2":{"loc":{"start":{"line":19,"column":8},"end":{"line":21,"column":9}},"type":"if","locations":[{"start":{"line":19,"column":8},"end":{"line":21,"column":9}},{"start":{},"end":{}}],"line":19},"3":{"loc":{"start":{"line":30,"column":8},"end":{"line":32,"column":9}},"type":"if","locations":[{"start":{"line":30,"column":8},"end":{"line":32,"column":9}},{"start":{},"end":{}}],"line":30},"4":{"loc":{"start":{"line":63,"column":8},"end":{"line":65,"column":9}},"type":"if","locations":[{"start":{"line":63,"column":8},"end":{"line":65,"column":9}},{"start":{},"end":{}}],"line":63},"5":{"loc":{"start":{"line":63,"column":12},"end":{"line":63,"column":31}},"type":"binary-expr","locations":[{"start":{"line":63,"column":12},"end":{"line":63,"column":18}},{"start":{"line":63,"column":22},"end":{"line":63,"column":31}}],"line":63},"6":{"loc":{"start":{"line":69,"column":8},"end":{"line":71,"column":9}},"type":"if","locations":[{"start":{"line":69,"column":8},"end":{"line":71,"column":9}},{"start":{},"end":{}}],"line":69},"7":{"loc":{"start":{"line":78,"column":8},"end":{"line":80,"column":9}},"type":"if","locations":[{"start":{"line":78,"column":8},"end":{"line":80,"column":9}},{"start":{},"end":{}}],"line":78},"8":{"loc":{"start":{"line":117,"column":8},"end":{"line":119,"column":9}},"type":"if","locations":[{"start":{"line":117,"column":8},"end":{"line":119,"column":9}},{"start":{},"end":{}}],"line":117}},"s":{"0":3,"1":3,"2":3,"3":3,"4":3,"5":3,"6":6,"7":6,"8":6,"9":1,"10":5,"11":4,"12":1,"13":3,"14":3,"15":3,"16":1,"17":2,"18":2,"19":2,"20":2,"21":1,"22":5,"23":5,"24":5,"25":1,"26":4,"27":3,"28":1,"29":2,"30":2,"31":1,"32":1,"33":1,"34":1,"35":1,"36":1,"37":3,"38":3,"39":3,"40":2,"41":1,"42":1,"43":1,"44":0,"45":0,"46":0,"47":0,"48":3},"f":{"0":6,"1":5,"2":3,"3":0},"b":{"0":[1,5],"1":[6,6,6],"2":[1,3],"3":[1,2],"4":[1,4],"5":[5,5],"6":[1,2],"7":[1,1],"8":[1,1]},"_coverageSchema":"1a1c01bbd47fc00a2c39e90264f33305004495a9","hash":"6a45c4ab09fec632ff6d3b77141c47b68d49af21"}
,"/data/data/com.termux/files/home/FullstackApp/Banking_Managment_system/backend/src/middlewares/auth.middleware.js": {"path":"/data/data/com.termux/files/home/FullstackApp/Banking_Managment_system/backend/src/middlewares/auth.middleware.js","statementMap":{"0":{"start":{"line":1,"column":12},"end":{"line":1,"column":35}},"1":{"start":{"line":2,"column":17},"end":{"line":2,"column":51}},"2":{"start":{"line":5,"column":4},"end":{"line":21,"column":5}},"3":{"start":{"line":6,"column":26},"end":{"line":6,"column":37}},"4":{"start":{"line":7,"column":8},"end":{"line":9,"column":9}},"5":{"start":{"line":8,"column":12},"end":{"line":8,"column":61}},"6":{"start":{"line":11,"column":29},"end":{"line":11,"column":76}},"7":{"start":{"line":13,"column":8},"end":{"line":15,"column":9}},"8":{"start":{"line":14,"column":12},"end":{"line":14,"column":75}},"9":{"start":{"line":17,"column":8},"end":{"line":17,"column":32}},"10":{"start":{"line":18,"column":8},"end":{"line":18,"column":15}},"11":{"start":{"line":20,"column":8},"end":{"line":20,"column":52}},"12":{"start":{"line":24,"column":0},"end":{"line":24,"column":27}}},"fnMap":{"0":{"name":"isLogedIn","decl":{"start":{"line":4,"column":15},"end":{"line":4,"column":24}},"loc":{"start":{"line":4,"column":41},"end":{"line":22,"column":1}},"line":4}},"branchMap":{"0":{"loc":{"start":{"line":7,"column":8},"end":{"line":9,"column":9}},"type":"if","locations":[{"start":{"line":7,"column":8},"end":{"line":9,"column":9}},{"start":{},"end":{}}],"line":7},"1":{"loc":{"start":{"line":13,"column":8},"end":{"line":15,"column":9}},"type":"if","locations":[{"start":{"line":13,"column":8},"end":{"line":15,"column":9}},{"start":{},"end":{}}],"line":13}},"s":{"0":3,"1":3,"2":4,"3":4,"4":4,"5":1,"6":3,"7":2,"8":1,"9":1,"10":1,"11":1,"12":3},"f":{"0":4},"b":{"0":[1,3],"1":[1,1]},"_coverageSchema":"1a1c01bbd47fc00a2c39e90264f33305004495a9","hash":"7bbe6bafcc174e50a0acff7aa004c0da539c494e"}
,"/data/data/com.termux/files/home/FullstackApp/Banking_Managment_system/backend/src/middlewares/error.middleware.js": {"path":"/data/data/com.termux/files/home/FullstackApp/Banking_Managment_system/backend/src/middlewares/error.middleware.js","statementMap":{"0":{"start":{"line":1,"column":24},"end":{"line":10,"column":1}},"1":{"start":{"line":2,"column":2},"end":{"line":2,"column":52}},"2":{"start":{"line":3,"column":2},"end":{"line":3,"column":40}},"3":{"start":{"line":5,"column":1},"end":{"line":9,"column":7}},"4":{"start":{"line":12,"column":0},"end":{"line":12,"column":32}}},"fnMap":{"0":{"name":"(anonymous_0)","decl":{"start":{"line":1,"column":24},"end":{"line":1,"column":25}},"loc":{"start":{"line":1,"column":46},"end":{"line":10,"column":1}},"line":1}},"branchMap":{"0":{"loc":{"start":{"line":2,"column":16},"end":{"line":2,"column":52}},"type":"binary-expr","locations":[{"start":{"line":2,"column":16},"end":{"line":2,"column":27}},{"start":{"line":2,"column":31},"end":{"line":2,"column":52}}],"line":2},"1":{"loc":{"start":{"line":3,"column":19},"end":{"line":3,"column":40}},"type":"binary-expr","locations":[{"start":{"line":3,"column":19},"end":{"line":3,"column":33}},{"start":{"line":3,"column":37},"end":{"line":3,"column":40}}],"line":3}},"s":{"0":3,"1":10,"2":10,"3":10,"4":3},"f":{"0":10},"b":{"0":[10,1],"1":[10,1]},"_coverageSchema":"1a1c01bbd47fc00a2c39e90264f33305004495a9","hash":"85f01929c81c393eccc13be35e0abff7b53afad0"}
,"/data/data/com.termux/files/home/FullstackApp/Banking_Managment_system/backend/src/model/user.model.js": {"path":"/data/data/com.termux/files/home/FullstackApp/Banking_Managment_system/backend/src/model/user.model.js","statementMap":{"0":{"start":{"line":1,"column":17},"end":{"line":1,"column":36}},"1":{"start":{"line":3,"column":19},"end":{"line":23,"column":20}},"2":{"start":{"line":25,"column":18},"end":{"line":25,"column":52}},"3":{"start":{"line":28,"column":0},"end":{"line":28,"column":27}}},"fnMap":{},"branchMap":{},"s":{"0":3,"1":3,"2":3,"3":3},"f":{},"b":{},"_coverageSchema":"1a1c01bbd47fc00a2c39e90264f33305004495a9","hash":"927b0ecc76afaae3d42f8bbb742c9157e3cfbecd"}
,"/data/data/com.termux/files/home/FullstackApp/Banking_Managment_system/backend/src/routes/user.routes.js": {"path":"/data/data/com.termux/files/home/FullstackApp/Banking_Managment_system/backend/src/routes/user.routes.js","statementMap":{"0":{"start":{"line":1,"column":16},"end":{"line":1,"column":34}},"1":{"start":{"line":2,"column":13},"end":{"line":2,"column":57}},"2":{"start":{"line":3,"column":18},"end":{"line":3,"column":62}},"3":{"start":{"line":7,"column":19},"end":{"line":7,"column":35}},"4":{"start":{"line":9,"column":0},"end":{"line":9,"column":55}},"5":{"start":{"line":10,"column":0},"end":{"line":10,"column":49}},"6":{"start":{"line":11,"column":0},"end":{"line":11,"column":65}},"7":{"start":{"line":15,"column":0},"end":{"line":15,"column":28}}},"fnMap":{},"branchMap":{},"s":{"0":2,"1":2,"2":2,"3":2,"4":2,"5":2,"6":2,"7":2},"f":{},"b":{},"_coverageSchema":"1a1c01bbd47fc00a2c39e90264f33305004495a9","hash":"5c9c5df749174f7819844df2e9c9b70690cceae0"}
,"/data/data/com.termux/files/home/FullstackApp/Banking_Managment_system/backend/src/utils/error.utils.js": {"path":"/data/data/com.termux/files/home/FullstackApp/Banking_Managment_system/backend/src/utils/error.utils.js","statementMap":{"0":{"start":{"line":3,"column":4},"end":{"line":3,"column":19}},"1":{"start":{"line":4,"column":4},"end":{"line":4,"column":33}},"2":{"start":{"line":7,"column":4},"end":{"line":7,"column":51}},"3":{"start":{"line":11,"column":0},"end":{"line":11,"column":26}}},"fnMap":{"0":{"name":"(anonymous_0)","decl":{"start":{"line":2,"column":2},"end":{"line":2,"column":3}},"loc":{"start":{"line":2,"column":34},"end":{"line":8,"column":3}},"line":2}},"branchMap":{},"s":{"0":13,"1":13,"2":13,"3":4},"f":{"0":13},"b":{},"_coverageSchema":"1a1c01bbd47fc00a2c39e90264f33305004495a9","hash":"13b1887d29a3e8583e1fa28e004d103bbd421a04"}
}
