TN:
SF:src/app.js
FNF:0
FNH:0
DA:1,2
DA:2,2
DA:3,2
DA:5,2
DA:6,2
DA:12,2
DA:15,2
DA:16,2
DA:17,2
DA:20,2
DA:22,2
DA:24,2
LF:12
LH:12
BRF:0
BRH:0
end_of_record
TN:
SF:src/controllers/auth.controller.js
FN:9,register_controller
FN:59,login_controller
FNF:2
FNH:2
FNDA:6,register_controller
FNDA:5,login_controller
DA:1,2
DA:2,2
DA:3,2
DA:4,2
DA:6,2
DA:7,2
DA:10,6
DA:11,6
DA:13,6
DA:14,1
DA:17,5
DA:19,4
DA:20,1
DA:23,3
DA:25,3
DA:30,3
DA:31,1
DA:34,2
DA:36,2
DA:45,2
DA:47,2
DA:56,1
DA:60,5
DA:61,5
DA:63,5
DA:64,1
DA:67,4
DA:69,3
DA:70,1
DA:73,2
DA:78,2
DA:79,1
DA:82,1
DA:83,1
DA:94,1
DA:96,1
DA:105,1
DA:109,2
LF:38
LH:38
BRDA:13,0,0,1
BRDA:13,0,1,5
BRDA:13,1,0,6
BRDA:13,1,1,6
BRDA:13,1,2,6
BRDA:19,2,0,1
BRDA:19,2,1,3
BRDA:30,3,0,1
BRDA:30,3,1,2
BRDA:63,4,0,1
BRDA:63,4,1,4
BRDA:63,5,0,5
BRDA:63,5,1,5
BRDA:69,6,0,1
BRDA:69,6,1,2
BRDA:78,7,0,1
BRDA:78,7,1,1
BRF:17
BRH:17
end_of_record
TN:
SF:src/middlewares/error.middleware.js
FN:1,(anonymous_0)
FNF:1
FNH:1
FNDA:10,(anonymous_0)
DA:1,3
DA:2,10
DA:3,10
DA:5,10
DA:12,3
LF:5
LH:5
BRDA:2,0,0,10
BRDA:2,0,1,1
BRDA:3,1,0,10
BRDA:3,1,1,1
BRF:4
BRH:4
end_of_record
TN:
SF:src/model/user.model.js
FNF:0
FNH:0
DA:1,2
DA:3,2
DA:25,2
DA:28,2
LF:4
LH:4
BRF:0
BRH:0
end_of_record
TN:
SF:src/routes/user.routes.js
FNF:0
FNH:0
DA:1,2
DA:2,2
DA:4,2
DA:6,2
DA:7,2
DA:11,2
LF:6
LH:6
BRF:0
BRH:0
end_of_record
TN:
SF:src/utils/error.utils.js
FN:2,(anonymous_0)
FNF:1
FNH:1
FNDA:8,(anonymous_0)
DA:3,8
DA:4,8
DA:7,8
DA:11,2
LF:4
LH:4
BRF:0
BRH:0
end_of_record
