TN:
SF:src/app.js
FNF:0
FNH:0
DA:1,2
DA:2,2
DA:3,2
DA:5,2
DA:6,2
DA:12,2
DA:15,2
DA:16,2
DA:17,2
DA:20,2
DA:22,2
DA:24,2
LF:12
LH:12
BRF:0
BRH:0
end_of_record
TN:
SF:src/controllers/auth.controller.js
FN:9,register_controller
FN:59,login_controller
FN:109,userProfile_controller
FN:133,logout_controller
FNF:4
FNH:3
FNDA:6,register_controller
FNDA:5,login_controller
FNDA:3,userProfile_controller
FNDA:0,logout_controller
DA:1,3
DA:2,3
DA:3,3
DA:4,3
DA:6,3
DA:7,3
DA:10,6
DA:11,6
DA:13,6
DA:14,1
DA:17,5
DA:19,4
DA:20,1
DA:23,3
DA:25,3
DA:30,3
DA:31,1
DA:34,2
DA:36,2
DA:45,2
DA:47,2
DA:56,1
DA:60,5
DA:61,5
DA:63,5
DA:64,1
DA:67,4
DA:69,3
DA:70,1
DA:73,2
DA:78,2
DA:79,1
DA:82,1
DA:83,1
DA:95,1
DA:97,1
DA:106,1
DA:110,3
DA:111,3
DA:113,3
DA:117,2
DA:118,1
DA:121,1
DA:130,1
DA:135,0
DA:136,0
DA:137,0
DA:140,0
DA:146,3
LF:49
LH:45
BRDA:13,0,0,1
BRDA:13,0,1,5
BRDA:13,1,0,6
BRDA:13,1,1,6
BRDA:13,1,2,6
BRDA:19,2,0,1
BRDA:19,2,1,3
BRDA:30,3,0,1
BRDA:30,3,1,2
BRDA:63,4,0,1
BRDA:63,4,1,4
BRDA:63,5,0,5
BRDA:63,5,1,5
BRDA:69,6,0,1
BRDA:69,6,1,2
BRDA:78,7,0,1
BRDA:78,7,1,1
BRDA:117,8,0,1
BRDA:117,8,1,1
BRF:19
BRH:19
end_of_record
TN:
SF:src/middlewares/auth.middleware.js
FN:4,isLogedIn
FNF:1
FNH:1
FNDA:4,isLogedIn
DA:1,3
DA:2,3
DA:5,4
DA:6,4
DA:7,4
DA:8,1
DA:11,3
DA:13,2
DA:14,1
DA:17,1
DA:18,1
DA:20,1
DA:24,3
LF:13
LH:13
BRDA:7,0,0,1
BRDA:7,0,1,3
BRDA:13,1,0,1
BRDA:13,1,1,1
BRF:4
BRH:4
end_of_record
TN:
SF:src/middlewares/error.middleware.js
FN:1,(anonymous_0)
FNF:1
FNH:1
FNDA:10,(anonymous_0)
DA:1,3
DA:2,10
DA:3,10
DA:5,10
DA:12,3
LF:5
LH:5
BRDA:2,0,0,10
BRDA:2,0,1,1
BRDA:3,1,0,10
BRDA:3,1,1,1
BRF:4
BRH:4
end_of_record
TN:
SF:src/model/user.model.js
FNF:0
FNH:0
DA:1,3
DA:3,3
DA:25,3
DA:28,3
LF:4
LH:4
BRF:0
BRH:0
end_of_record
TN:
SF:src/routes/user.routes.js
FNF:0
FNH:0
DA:1,2
DA:2,2
DA:3,2
DA:7,2
DA:9,2
DA:10,2
DA:11,2
DA:15,2
LF:8
LH:8
BRF:0
BRH:0
end_of_record
TN:
SF:src/utils/error.utils.js
FN:2,(anonymous_0)
FNF:1
FNH:1
FNDA:13,(anonymous_0)
DA:3,13
DA:4,13
DA:7,13
DA:11,4
LF:4
LH:4
BRF:0
BRH:0
end_of_record
